

(base) ________________________________________________________________________________
| xuansong:~/projects/java/java-learning (master)$ 
| =>  cd /Users/xuansong/projects/java/java-learning ; /usr/bin/env /Library/Java/JavaVirtualMachines/jdk-11.0.12.jdk/Contents/Home/bin/java -agentlib:jdwp=transport=dt_socket,server=n,suspend=y,address=localhost:54870 -Dfile.encoding=UTF-8 @/var/folders/pz/18_yfkdj5q54bt6k97m199qc0000gn/T/cp_44len3uqwkhu536ub8es14lce.argfile com.java.learning.javase.SpringPractice 

  .   ____          _            __ _ _
 /\\ / ___'_ __ _ _(_)_ __  __ _ \ \ \ \
( ( )\___ | '_ | '_| | '_ \/ _` | \ \ \ \
 \\/  ___)| |_)| | | | | || (_| |  ) ) ) )
  '  |____| .__|_| |_|_| |_\__, | / / / /
 =========|_|==============|___/=/_/_/_/
 :: Spring Boot ::       (v2.3.12.RELEASE)

2021-10-14 14:13:30.981  INFO 73896 --- [  restartedMain] com.java.learning.javase.SpringPractice  : Starting SpringPractice on XuandeMacBook-Pro.local with PID 73896 (/Users/xuansong/projects/java/java-learning/examples/javase/target/classes started by xuansong in /Users/xuansong/projects/java/java-learning)
2021-10-14 14:13:30.984  INFO 73896 --- [  restartedMain] com.java.learning.javase.SpringPractice  : No active profile set, falling back to default profiles: default
2021-10-14 14:13:31.048  INFO 73896 --- [  restartedMain] .e.DevToolsPropertyDefaultsPostProcessor : Devtools property defaults active! Set 'spring.devtools.add-properties' to 'false' to disable
2021-10-14 14:13:31.048  INFO 73896 --- [  restartedMain] .e.DevToolsPropertyDefaultsPostProcessor : For additional web related logging consider setting the 'logging.level.web' property to 'DEBUG'
2021-10-14 14:13:31.792  WARN 73896 --- [  restartedMain] ConfigServletWebServerApplicationContext : Exception encountered during context initialization - cancelling refresh attempt: org.springframework.beans.factory.BeanDefinitionStoreException: Failed to process import candidates for configuration class [springfox.boot.starter.autoconfigure.OpenApiAutoConfiguration]; nested exception is java.io.FileNotFoundException: class path resource [springfox/documentation/spring/web/SpringfoxWebConfiguration.class] cannot be opened because it does not exist
2021-10-14 14:13:31.809  INFO 73896 --- [  restartedMain] ConditionEvaluationReportLoggingListener : 

Error starting ApplicationContext. To display the conditions report re-run your application with 'debug' enabled.
2021-10-14 14:13:31.837 ERROR 73896 --- [  restartedMain] o.s.boot.SpringApplication               : Application run failed

org.springframework.beans.factory.BeanDefinitionStoreException: Failed to process import candidates for configuration class [springfox.boot.starter.autoconfigure.OpenApiAutoConfiguration]; nested exception is java.io.FileNotFoundException: class path resource [springfox/documentation/spring/web/SpringfoxWebConfiguration.class] cannot be opened because it does not exist
        at org.springframework.context.annotation.ConfigurationClassParser.processImports(ConfigurationClassParser.java:610) ~[spring-context-5.2.15.RELEASE.jar:5.2.15.RELEASE]
        at org.springframework.context.annotation.ConfigurationClassParser.doProcessConfigurationClass(ConfigurationClassParser.java:311) ~[spring-context-5.2.15.RELEASE.jar:5.2.15.RELEASE]
        at org.springframework.context.annotation.ConfigurationClassParser.processConfigurationClass(ConfigurationClassParser.java:250) ~[spring-context-5.2.15.RELEASE.jar:5.2.15.RELEASE]
        at org.springframework.context.annotation.ConfigurationClassParser.processImports(ConfigurationClassParser.java:600) ~[spring-context-5.2.15.RELEASE.jar:5.2.15.RELEASE]
        at org.springframework.context.annotation.ConfigurationClassParser.access$800(ConfigurationClassParser.java:111) ~[spring-context-5.2.15.RELEASE.jar:5.2.15.RELEASE]
        at org.springframework.context.annotation.ConfigurationClassParser$DeferredImportSelectorGroupingHandler.lambda$processGroupImports$1(ConfigurationClassParser.java:812) ~[spring-context-5.2.15.RELEASE.jar:5.2.15.RELEASE]
        at java.base/java.util.ArrayList.forEach(ArrayList.java:1541) ~[na:na]
        at org.springframework.context.annotation.ConfigurationClassParser$DeferredImportSelectorGroupingHandler.processGroupImports(ConfigurationClassParser.java:809) ~[spring-context-5.2.15.RELEASE.jar:5.2.15.RELEASE]
        at org.springframework.context.annotation.ConfigurationClassParser$DeferredImportSelectorHandler.process(ConfigurationClassParser.java:780) ~[spring-context-5.2.15.RELEASE.jar:5.2.15.RELEASE]
        at org.springframework.context.annotation.ConfigurationClassParser.parse(ConfigurationClassParser.java:193) ~[spring-context-5.2.15.RELEASE.jar:5.2.15.RELEASE]
        at org.springframework.context.annotation.ConfigurationClassPostProcessor.processConfigBeanDefinitions(ConfigurationClassPostProcessor.java:320) ~[spring-context-5.2.15.RELEASE.jar:5.2.15.RELEASE]
        at org.springframework.context.annotation.ConfigurationClassPostProcessor.postProcessBeanDefinitionRegistry(ConfigurationClassPostProcessor.java:237) ~[spring-context-5.2.15.RELEASE.jar:5.2.15.RELEASE]
        at org.springframework.context.support.PostProcessorRegistrationDelegate.invokeBeanDefinitionRegistryPostProcessors(PostProcessorRegistrationDelegate.java:280) ~[spring-context-5.2.15.RELEASE.jar:5.2.15.RELEASE]
        at org.springframework.context.support.PostProcessorRegistrationDelegate.invokeBeanFactoryPostProcessors(PostProcessorRegistrationDelegate.java:96) ~[spring-context-5.2.15.RELEASE.jar:5.2.15.RELEASE]
        at org.springframework.context.support.AbstractApplicationContext.invokeBeanFactoryPostProcessors(AbstractApplicationContext.java:707) ~[spring-context-5.2.15.RELEASE.jar:5.2.15.RELEASE]
        at org.springframework.context.support.AbstractApplicationContext.refresh(AbstractApplicationContext.java:533) ~[spring-context-5.2.15.RELEASE.jar:5.2.15.RELEASE]
        at org.springframework.boot.web.servlet.context.ServletWebServerApplicationContext.refresh(ServletWebServerApplicationContext.java:143) ~[spring-boot-2.3.12.RELEASE.jar:2.3.12.RELEASE]
        at org.springframework.boot.SpringApplication.refresh(SpringApplication.java:755) ~[spring-boot-2.3.12.RELEASE.jar:2.3.12.RELEASE]
        at org.springframework.boot.SpringApplication.refresh(SpringApplication.java:747) ~[spring-boot-2.3.12.RELEASE.jar:2.3.12.RELEASE]
        at org.springframework.boot.SpringApplication.refreshContext(SpringApplication.java:402) ~[spring-boot-2.3.12.RELEASE.jar:2.3.12.RELEASE]
        at org.springframework.boot.SpringApplication.run(SpringApplication.java:312) ~[spring-boot-2.3.12.RELEASE.jar:2.3.12.RELEASE]
        at org.springframework.boot.SpringApplication.run(SpringApplication.java:1247) ~[spring-boot-2.3.12.RELEASE.jar:2.3.12.RELEASE]
        at org.springframework.boot.SpringApplication.run(SpringApplication.java:1236) ~[spring-boot-2.3.12.RELEASE.jar:2.3.12.RELEASE]
        at com.java.learning.javase.SpringPractice.main(SpringPractice.java:56) ~[classes/:na]
        at java.base/jdk.internal.reflect.NativeMethodAccessorImpl.invoke0(Native Method) ~[na:na]
        at java.base/jdk.internal.reflect.NativeMethodAccessorImpl.invoke(NativeMethodAccessorImpl.java:62) ~[na:na]
        at java.base/jdk.internal.reflect.DelegatingMethodAccessorImpl.invoke(DelegatingMethodAccessorImpl.java:43) ~[na:na]
        at java.base/java.lang.reflect.Method.invoke(Method.java:566) ~[na:na]
        at org.springframework.boot.devtools.restart.RestartLauncher.run(RestartLauncher.java:49) ~[spring-boot-devtools-2.3.12.RELEASE.jar:2.3.12.RELEASE]
Caused by: java.io.FileNotFoundException: class path resource [springfox/documentation/spring/web/SpringfoxWebConfiguration.class] cannot be opened because it does not exist
        at org.springframework.core.io.ClassPathResource.getInputStream(ClassPathResource.java:187) ~[spring-core-5.2.14.RELEASE.jar:5.2.14.RELEASE]
        at org.springframework.core.type.classreading.SimpleMetadataReader.getClassReader(SimpleMetadataReader.java:55) ~[spring-core-5.2.14.RELEASE.jar:5.2.14.RELEASE]
        at org.springframework.core.type.classreading.SimpleMetadataReader.<init>(SimpleMetadataReader.java:49) ~[spring-core-5.2.14.RELEASE.jar:5.2.14.RELEASE]
        at org.springframework.core.type.classreading.SimpleMetadataReaderFactory.getMetadataReader(SimpleMetadataReaderFactory.java:103) ~[spring-core-5.2.14.RELEASE.jar:5.2.14.RELEASE]
        at org.springframework.boot.type.classreading.ConcurrentReferenceCachingMetadataReaderFactory.createMetadataReader(ConcurrentReferenceCachingMetadataReaderFactory.java:86) ~[spring-boot-2.3.12.RELEASE.jar:2.3.12.RELEASE]
        at org.springframework.boot.type.classreading.ConcurrentReferenceCachingMetadataReaderFactory.getMetadataReader(ConcurrentReferenceCachingMetadataReaderFactory.java:73) ~[spring-boot-2.3.12.RELEASE.jar:2.3.12.RELEASE]
        at org.springframework.core.type.classreading.SimpleMetadataReaderFactory.getMetadataReader(SimpleMetadataReaderFactory.java:81) ~[spring-core-5.2.14.RELEASE.jar:5.2.14.RELEASE]
        at org.springframework.context.annotation.ConfigurationClassParser.asSourceClass(ConfigurationClassParser.java:696) ~[spring-context-5.2.15.RELEASE.jar:5.2.15.RELEASE]
        at org.springframework.context.annotation.ConfigurationClassParser$SourceClass.getRelated(ConfigurationClassParser.java:1090) ~[spring-context-5.2.15.RELEASE.jar:5.2.15.RELEASE]
        at org.springframework.context.annotation.ConfigurationClassParser$SourceClass.getAnnotationAttributes(ConfigurationClassParser.java:1071) ~[spring-context-5.2.15.RELEASE.jar:5.2.15.RELEASE]
        at org.springframework.context.annotation.ConfigurationClassParser.collectImports(ConfigurationClassParser.java:549) ~[spring-context-5.2.15.RELEASE.jar:5.2.15.RELEASE]
        at org.springframework.context.annotation.ConfigurationClassParser.getImports(ConfigurationClassParser.java:522) ~[spring-context-5.2.15.RELEASE.jar:5.2.15.RELEASE]
        at org.springframework.context.annotation.ConfigurationClassParser.doProcessConfigurationClass(ConfigurationClassParser.java:311) ~[spring-context-5.2.15.RELEASE.jar:5.2.15.RELEASE]
        at org.springframework.context.annotation.ConfigurationClassParser.processConfigurationClass(ConfigurationClassParser.java:250) ~[spring-context-5.2.15.RELEASE.jar:5.2.15.RELEASE]
        at org.springframework.context.annotation.ConfigurationClassParser.processImports(ConfigurationClassParser.java:600) ~[spring-context-5.2.15.RELEASE.jar:5.2.15.RELEASE]
        ... 28 common frames omitted

(base) ________________________________________________________________________________
| xuansong:~/projects/java/java-learning (master)$ 
| => 